TN:
SF:middleware\cache.js
FN:4,(anonymous_0)
FN:12,(anonymous_1)
FN:25,(anonymous_2)
FN:44,(anonymous_3)
FN:61,(anonymous_4)
FN:62,(anonymous_5)
FN:65,(anonymous_6)
FN:88,(anonymous_7)
FN:91,(anonymous_8)
FN:92,(anonymous_9)
FN:100,(anonymous_10)
FN:103,(anonymous_11)
FN:104,(anonymous_12)
FN:109,(anonymous_13)
FN:112,(anonymous_14)
FN:120,(anonymous_15)
FN:123,(anonymous_16)
FNF:17
FNH:0
FNDA:0,(anonymous_0)
FNDA:0,(anonymous_1)
FNDA:0,(anonymous_2)
FNDA:0,(anonymous_3)
FNDA:0,(anonymous_4)
FNDA:0,(anonymous_5)
FNDA:0,(anonymous_6)
FNDA:0,(anonymous_7)
FNDA:0,(anonymous_8)
FNDA:0,(anonymous_9)
FNDA:0,(anonymous_10)
FNDA:0,(anonymous_11)
FNDA:0,(anonymous_12)
FNDA:0,(anonymous_13)
FNDA:0,(anonymous_14)
FNDA:0,(anonymous_15)
FNDA:0,(anonymous_16)
DA:1,0
DA:4,0
DA:10,0
DA:12,0
DA:13,0
DA:14,0
DA:19,0
DA:20,0
DA:23,0
DA:25,0
DA:27,0
DA:31,0
DA:32,0
DA:35,0
DA:37,0
DA:38,0
DA:39,0
DA:43,0
DA:44,0
DA:46,0
DA:47,0
DA:49,0
DA:52,0
DA:54,0
DA:55,0
DA:61,0
DA:62,0
DA:63,0
DA:65,0
DA:67,0
DA:68,0
DA:69,0
DA:70,0
DA:71,0
DA:73,0
DA:74,0
DA:77,0
DA:80,0
DA:83,0
DA:88,0
DA:89,0
DA:91,0
DA:94,0
DA:100,0
DA:101,0
DA:103,0
DA:104,0
DA:109,0
DA:110,0
DA:112,0
DA:120,0
DA:121,0
DA:123,0
DA:127,0
LF:54
LH:0
BRDA:4,0,0,0
BRDA:6,1,0,0
BRDA:7,2,0,0
BRDA:8,3,0,0
BRDA:9,4,0,0
BRDA:13,5,0,0
BRDA:13,5,1,0
BRDA:13,6,0,0
BRDA:13,6,1,0
BRDA:19,7,0,0
BRDA:19,7,1,0
BRDA:19,8,0,0
BRDA:19,8,1,0
BRDA:31,9,0,0
BRDA:31,9,1,0
BRDA:31,10,0,0
BRDA:31,10,1,0
BRDA:38,11,0,0
BRDA:38,11,1,0
BRDA:46,12,0,0
BRDA:46,12,1,0
BRDA:46,13,0,0
BRDA:46,13,1,0
BRDA:67,14,0,0
BRDA:67,14,1,0
BRDA:67,15,0,0
BRDA:67,15,1,0
BRDA:69,16,0,0
BRDA:69,16,1,0
BRDA:73,17,0,0
BRDA:73,17,1,0
BRDA:88,18,0,0
BRDA:94,19,0,0
BRDA:94,19,1,0
BRDA:100,20,0,0
BRDA:109,21,0,0
BRDA:120,22,0,0
BRDA:123,23,0,0
BRDA:123,23,1,0
BRF:39
BRH:0
end_of_record
TN:
SF:routes\admin.js
FN:8,authenticateToken
FN:22,(anonymous_1)
FN:39,requireAdmin
FN:85,(anonymous_3)
FN:129,(anonymous_4)
FN:167,(anonymous_5)
FN:219,(anonymous_6)
FN:260,(anonymous_7)
FN:300,(anonymous_8)
FN:334,(anonymous_9)
FN:385,(anonymous_10)
FN:430,(anonymous_11)
FN:476,(anonymous_12)
FN:524,(anonymous_13)
FN:586,(anonymous_14)
FN:627,(anonymous_15)
FN:635,(anonymous_16)
FN:670,(anonymous_17)
FN:709,(anonymous_18)
FN:731,(anonymous_19)
FN:764,(anonymous_20)
FN:805,(anonymous_21)
FN:813,(anonymous_22)
FN:848,(anonymous_23)
FN:887,(anonymous_24)
FN:909,(anonymous_25)
FN:942,(anonymous_26)
FNF:27
FNH:0
FNDA:0,authenticateToken
FNDA:0,(anonymous_1)
FNDA:0,requireAdmin
FNDA:0,(anonymous_3)
FNDA:0,(anonymous_4)
FNDA:0,(anonymous_5)
FNDA:0,(anonymous_6)
FNDA:0,(anonymous_7)
FNDA:0,(anonymous_8)
FNDA:0,(anonymous_9)
FNDA:0,(anonymous_10)
FNDA:0,(anonymous_11)
FNDA:0,(anonymous_12)
FNDA:0,(anonymous_13)
FNDA:0,(anonymous_14)
FNDA:0,(anonymous_15)
FNDA:0,(anonymous_16)
FNDA:0,(anonymous_17)
FNDA:0,(anonymous_18)
FNDA:0,(anonymous_19)
FNDA:0,(anonymous_20)
FNDA:0,(anonymous_21)
FNDA:0,(anonymous_22)
FNDA:0,(anonymous_23)
FNDA:0,(anonymous_24)
FNDA:0,(anonymous_25)
FNDA:0,(anonymous_26)
DA:1,0
DA:2,0
DA:3,0
DA:4,0
DA:5,0
DA:9,0
DA:10,0
DA:12,0
DA:13,0
DA:22,0
DA:23,0
DA:24,0
DA:33,0
DA:34,0
DA:40,0
DA:41,0
DA:49,0
DA:53,0
DA:59,0
DA:64,0
DA:69,0
DA:74,0
DA:85,0
DA:86,0
DA:87,0
DA:88,0
DA:90,0
DA:92,0
DA:93,0
DA:96,0
DA:97,0
DA:100,0
DA:105,0
DA:107,0
DA:120,0
DA:121,0
DA:129,0
DA:130,0
DA:131,0
DA:132,0
DA:133,0
DA:143,0
DA:144,0
DA:145,0
DA:151,0
DA:153,0
DA:158,0
DA:159,0
DA:167,0
DA:168,0
DA:169,0
DA:170,0
DA:172,0
DA:173,0
DA:179,0
DA:180,0
DA:181,0
DA:188,0
DA:193,0
DA:194,0
DA:200,0
DA:205,0
DA:210,0
DA:211,0
DA:219,0
DA:220,0
DA:221,0
DA:224,0
DA:225,0
DA:226,0
DA:235,0
DA:237,0
DA:238,0
DA:244,0
DA:249,0
DA:250,0
DA:260,0
DA:261,0
DA:262,0
DA:263,0
DA:265,0
DA:267,0
DA:268,0
DA:271,0
DA:276,0
DA:278,0
DA:291,0
DA:292,0
DA:300,0
DA:301,0
DA:302,0
DA:303,0
DA:304,0
DA:310,0
DA:311,0
DA:312,0
DA:318,0
DA:320,0
DA:325,0
DA:326,0
DA:334,0
DA:335,0
DA:336,0
DA:337,0
DA:339,0
DA:340,0
DA:346,0
DA:347,0
DA:348,0
DA:354,0
DA:359,0
DA:360,0
DA:366,0
DA:371,0
DA:376,0
DA:377,0
DA:385,0
DA:386,0
DA:387,0
DA:390,0
DA:395,0
DA:396,0
DA:405,0
DA:407,0
DA:408,0
DA:414,0
DA:419,0
DA:420,0
DA:430,0
DA:431,0
DA:432,0
DA:433,0
DA:435,0
DA:439,0
DA:440,0
DA:443,0
DA:444,0
DA:447,0
DA:452,0
DA:454,0
DA:467,0
DA:468,0
DA:476,0
DA:477,0
DA:478,0
DA:479,0
DA:480,0
DA:487,0
DA:488,0
DA:489,0
DA:496,0
DA:501,0
DA:502,0
DA:508,0
DA:510,0
DA:515,0
DA:516,0
DA:524,0
DA:525,0
DA:526,0
DA:527,0
DA:529,0
DA:530,0
DA:536,0
DA:537,0
DA:538,0
DA:545,0
DA:546,0
DA:547,0
DA:554,0
DA:560,0
DA:561,0
DA:567,0
DA:572,0
DA:577,0
DA:578,0
DA:586,0
DA:587,0
DA:588,0
DA:591,0
DA:592,0
DA:593,0
DA:602,0
DA:604,0
DA:605,0
DA:611,0
DA:616,0
DA:617,0
DA:627,0
DA:628,0
DA:629,0
DA:630,0
DA:632,0
DA:634,0
DA:635,0
DA:636,0
DA:641,0
DA:646,0
DA:648,0
DA:661,0
DA:662,0
DA:670,0
DA:671,0
DA:672,0
DA:673,0
DA:674,0
DA:681,0
DA:686,0
DA:687,0
DA:693,0
DA:695,0
DA:700,0
DA:701,0
DA:709,0
DA:710,0
DA:711,0
DA:712,0
DA:714,0
DA:715,0
DA:721,0
DA:722,0
DA:723,0
DA:730,0
DA:732,0
DA:738,0
DA:739,0
DA:745,0
DA:750,0
DA:755,0
DA:756,0
DA:764,0
DA:765,0
DA:766,0
DA:769,0
DA:770,0
DA:771,0
DA:780,0
DA:782,0
DA:783,0
DA:789,0
DA:794,0
DA:795,0
DA:805,0
DA:806,0
DA:807,0
DA:808,0
DA:810,0
DA:812,0
DA:813,0
DA:814,0
DA:819,0
DA:824,0
DA:826,0
DA:839,0
DA:840,0
DA:848,0
DA:849,0
DA:850,0
DA:851,0
DA:852,0
DA:859,0
DA:864,0
DA:865,0
DA:871,0
DA:873,0
DA:878,0
DA:879,0
DA:887,0
DA:888,0
DA:889,0
DA:890,0
DA:892,0
DA:893,0
DA:899,0
DA:900,0
DA:901,0
DA:908,0
DA:910,0
DA:916,0
DA:917,0
DA:923,0
DA:928,0
DA:933,0
DA:934,0
DA:942,0
DA:943,0
DA:944,0
DA:947,0
DA:952,0
DA:953,0
DA:962,0
DA:964,0
DA:965,0
DA:971,0
DA:976,0
DA:977,0
DA:984,0
LF:297
LH:0
BRDA:10,0,0,0
BRDA:10,0,1,0
BRDA:12,1,0,0
BRDA:12,1,1,0
BRDA:22,2,0,0
BRDA:22,2,1,0
BRDA:23,3,0,0
BRDA:23,3,1,0
BRDA:40,4,0,0
BRDA:40,4,1,0
BRDA:87,5,0,0
BRDA:87,6,0,0
BRDA:92,7,0,0
BRDA:92,7,1,0
BRDA:96,8,0,0
BRDA:96,8,1,0
BRDA:132,9,0,0
BRDA:132,9,1,0
BRDA:144,10,0,0
BRDA:144,10,1,0
BRDA:172,11,0,0
BRDA:172,11,1,0
BRDA:180,12,0,0
BRDA:180,12,1,0
BRDA:193,13,0,0
BRDA:193,13,1,0
BRDA:225,14,0,0
BRDA:225,14,1,0
BRDA:237,15,0,0
BRDA:237,15,1,0
BRDA:262,16,0,0
BRDA:262,17,0,0
BRDA:267,18,0,0
BRDA:267,18,1,0
BRDA:303,19,0,0
BRDA:303,19,1,0
BRDA:311,20,0,0
BRDA:311,20,1,0
BRDA:339,21,0,0
BRDA:339,21,1,0
BRDA:347,22,0,0
BRDA:347,22,1,0
BRDA:359,23,0,0
BRDA:359,23,1,0
BRDA:395,24,0,0
BRDA:395,24,1,0
BRDA:395,25,0,0
BRDA:395,25,1,0
BRDA:407,26,0,0
BRDA:407,26,1,0
BRDA:432,27,0,0
BRDA:432,28,0,0
BRDA:439,29,0,0
BRDA:439,29,1,0
BRDA:443,30,0,0
BRDA:443,30,1,0
BRDA:479,31,0,0
BRDA:479,31,1,0
BRDA:488,32,0,0
BRDA:488,32,1,0
BRDA:501,33,0,0
BRDA:501,33,1,0
BRDA:529,34,0,0
BRDA:529,34,1,0
BRDA:537,35,0,0
BRDA:537,35,1,0
BRDA:546,36,0,0
BRDA:546,36,1,0
BRDA:560,37,0,0
BRDA:560,37,1,0
BRDA:592,38,0,0
BRDA:592,38,1,0
BRDA:604,39,0,0
BRDA:604,39,1,0
BRDA:629,40,0,0
BRDA:629,41,0,0
BRDA:634,42,0,0
BRDA:634,42,1,0
BRDA:673,43,0,0
BRDA:673,43,1,0
BRDA:686,44,0,0
BRDA:686,44,1,0
BRDA:714,45,0,0
BRDA:714,45,1,0
BRDA:722,46,0,0
BRDA:722,46,1,0
BRDA:738,47,0,0
BRDA:738,47,1,0
BRDA:770,48,0,0
BRDA:770,48,1,0
BRDA:782,49,0,0
BRDA:782,49,1,0
BRDA:807,50,0,0
BRDA:807,51,0,0
BRDA:812,52,0,0
BRDA:812,52,1,0
BRDA:851,53,0,0
BRDA:851,53,1,0
BRDA:864,54,0,0
BRDA:864,54,1,0
BRDA:892,55,0,0
BRDA:892,55,1,0
BRDA:900,56,0,0
BRDA:900,56,1,0
BRDA:916,57,0,0
BRDA:916,57,1,0
BRDA:952,58,0,0
BRDA:952,58,1,0
BRDA:952,59,0,0
BRDA:952,59,1,0
BRDA:964,60,0,0
BRDA:964,60,1,0
BRF:112
BRH:0
end_of_record
TN:
SF:routes\analytics.js
FN:10,(anonymous_0)
FN:39,(anonymous_1)
FN:46,(anonymous_2)
FN:53,(anonymous_3)
FN:61,(anonymous_4)
FN:62,(anonymous_5)
FN:65,(anonymous_6)
FN:66,(anonymous_7)
FN:70,(anonymous_8)
FN:79,(anonymous_9)
FN:88,(anonymous_10)
FN:89,(anonymous_11)
FN:93,(anonymous_12)
FN:104,(anonymous_13)
FN:114,(anonymous_14)
FN:115,(anonymous_15)
FN:125,(anonymous_16)
FN:133,(anonymous_17)
FN:158,(anonymous_18)
FN:199,(anonymous_19)
FN:216,(anonymous_20)
FN:249,(anonymous_21)
FNF:22
FNH:0
FNDA:0,(anonymous_0)
FNDA:0,(anonymous_1)
FNDA:0,(anonymous_2)
FNDA:0,(anonymous_3)
FNDA:0,(anonymous_4)
FNDA:0,(anonymous_5)
FNDA:0,(anonymous_6)
FNDA:0,(anonymous_7)
FNDA:0,(anonymous_8)
FNDA:0,(anonymous_9)
FNDA:0,(anonymous_10)
FNDA:0,(anonymous_11)
FNDA:0,(anonymous_12)
FNDA:0,(anonymous_13)
FNDA:0,(anonymous_14)
FNDA:0,(anonymous_15)
FNDA:0,(anonymous_16)
FNDA:0,(anonymous_17)
FNDA:0,(anonymous_18)
FNDA:0,(anonymous_19)
FNDA:0,(anonymous_20)
FNDA:0,(anonymous_21)
DA:1,0
DA:2,0
DA:3,0
DA:4,0
DA:5,0
DA:6,0
DA:7,0
DA:10,0
DA:11,0
DA:12,0
DA:13,0
DA:16,0
DA:19,0
DA:20,0
DA:23,0
DA:26,0
DA:39,0
DA:40,0
DA:41,0
DA:42,0
DA:46,0
DA:47,0
DA:48,0
DA:49,0
DA:53,0
DA:54,0
DA:55,0
DA:56,0
DA:60,0
DA:61,0
DA:62,0
DA:64,0
DA:65,0
DA:66,0
DA:68,0
DA:69,0
DA:70,0
DA:77,0
DA:78,0
DA:79,0
DA:87,0
DA:88,0
DA:89,0
DA:91,0
DA:92,0
DA:93,0
DA:101,0
DA:102,0
DA:104,0
DA:105,0
DA:108,0
DA:114,0
DA:115,0
DA:117,0
DA:125,0
DA:126,0
DA:127,0
DA:128,0
DA:131,0
DA:132,0
DA:133,0
DA:137,0
DA:146,0
DA:147,0
DA:158,0
DA:159,0
DA:160,0
DA:164,0
DA:177,0
DA:187,0
DA:188,0
DA:199,0
DA:200,0
DA:201,0
DA:216,0
DA:228,0
DA:237,0
DA:238,0
DA:249,0
DA:250,0
DA:251,0
DA:254,0
DA:255,0
DA:256,0
DA:258,0
DA:260,0
DA:261,0
DA:262,0
DA:263,0
DA:264,0
DA:266,0
DA:276,0
DA:286,0
DA:296,0
DA:297,0
DA:307,0
LF:96
LH:0
BRDA:19,0,0,0
BRDA:19,0,1,0
BRDA:40,1,0,0
BRDA:40,1,1,0
BRDA:41,2,0,0
BRDA:41,2,1,0
BRDA:47,3,0,0
BRDA:47,3,1,0
BRDA:48,4,0,0
BRDA:48,4,1,0
BRDA:54,5,0,0
BRDA:54,5,1,0
BRDA:55,6,0,0
BRDA:55,6,1,0
BRDA:62,7,0,0
BRDA:62,7,1,0
BRDA:66,8,0,0
BRDA:66,8,1,0
BRDA:68,9,0,0
BRDA:68,9,1,0
BRDA:77,10,0,0
BRDA:77,10,1,0
BRDA:89,11,0,0
BRDA:89,11,1,0
BRDA:91,12,0,0
BRDA:91,12,1,0
BRDA:120,13,0,0
BRDA:120,13,1,0
BRDA:131,14,0,0
BRDA:131,14,1,0
BRDA:160,15,0,0
BRDA:220,16,0,0
BRDA:220,16,1,0
BRDA:221,17,0,0
BRDA:221,17,1,0
BRDA:222,18,0,0
BRDA:222,18,1,0
BRDA:224,19,0,0
BRDA:224,19,1,0
BRDA:225,20,0,0
BRDA:225,20,1,0
BRDA:251,21,0,0
BRDA:255,22,0,0
BRDA:255,22,1,0
BRDA:256,23,0,0
BRDA:256,23,1,0
BRDA:279,24,0,0
BRDA:279,24,1,0
BRDA:280,25,0,0
BRDA:280,25,1,0
BRDA:281,26,0,0
BRDA:281,26,1,0
BRDA:282,27,0,0
BRDA:282,27,1,0
BRF:54
BRH:0
end_of_record
TN:
SF:routes\approvals-simple.js
FN:7,authenticateToken
FN:18,(anonymous_1)
FN:31,(anonymous_2)
FN:36,(anonymous_3)
FN:79,(anonymous_4)
FN:99,(anonymous_5)
FNF:6
FNH:0
FNDA:0,authenticateToken
FNDA:0,(anonymous_1)
FNDA:0,(anonymous_2)
FNDA:0,(anonymous_3)
FNDA:0,(anonymous_4)
FNDA:0,(anonymous_5)
DA:1,0
DA:2,0
DA:3,0
DA:4,0
DA:8,0
DA:9,0
DA:11,0
DA:12,0
DA:18,0
DA:19,0
DA:20,0
DA:25,0
DA:26,0
DA:31,0
DA:32,0
DA:36,0
DA:37,0
DA:38,0
DA:40,0
DA:41,0
DA:48,0
DA:64,0
DA:70,0
DA:71,0
DA:79,0
DA:80,0
DA:82,0
DA:84,0
DA:90,0
DA:91,0
DA:99,0
DA:100,0
DA:101,0
DA:103,0
DA:104,0
DA:110,0
DA:111,0
DA:113,0
DA:120,0
DA:126,0
DA:127,0
DA:134,0
LF:42
LH:0
BRDA:9,0,0,0
BRDA:9,0,1,0
BRDA:11,1,0,0
BRDA:11,1,1,0
BRDA:18,2,0,0
BRDA:18,2,1,0
BRDA:19,3,0,0
BRDA:19,3,1,0
BRDA:40,4,0,0
BRDA:40,4,1,0
BRDA:103,5,0,0
BRDA:103,5,1,0
BRDA:111,6,0,0
BRDA:111,6,1,0
BRF:14
BRH:0
end_of_record
TN:
SF:routes\approvals.js
FN:7,authenticateToken
FN:18,(anonymous_1)
FN:33,(anonymous_2)
FN:38,(anonymous_3)
FN:118,(anonymous_4)
FN:176,(anonymous_5)
FN:220,(anonymous_6)
FN:305,(anonymous_7)
FN:343,(anonymous_8)
FNF:9
FNH:0
FNDA:0,authenticateToken
FNDA:0,(anonymous_1)
FNDA:0,(anonymous_2)
FNDA:0,(anonymous_3)
FNDA:0,(anonymous_4)
FNDA:0,(anonymous_5)
FNDA:0,(anonymous_6)
FNDA:0,(anonymous_7)
FNDA:0,(anonymous_8)
DA:1,0
DA:2,0
DA:3,0
DA:4,0
DA:8,0
DA:9,0
DA:11,0
DA:12,0
DA:18,0
DA:19,0
DA:20,0
DA:25,0
DA:26,0
DA:30,0
DA:33,0
DA:34,0
DA:38,0
DA:39,0
DA:41,0
DA:42,0
DA:44,0
DA:45,0
DA:51,0
DA:52,0
DA:59,0
DA:60,0
DA:67,0
DA:72,0
DA:73,0
DA:80,0
DA:83,0
DA:91,0
DA:92,0
DA:101,0
DA:102,0
DA:110,0
DA:111,0
DA:118,0
DA:120,0
DA:128,0
DA:129,0
DA:136,0
DA:146,0
DA:147,0
DA:161,0
DA:167,0
DA:168,0
DA:176,0
DA:177,0
DA:178,0
DA:180,0
DA:181,0
DA:187,0
DA:188,0
DA:192,0
DA:193,0
DA:200,0
DA:205,0
DA:206,0
DA:213,0
DA:214,0
DA:220,0
DA:222,0
DA:231,0
DA:233,0
DA:238,0
DA:249,0
DA:254,0
DA:256,0
DA:263,0
DA:268,0
DA:278,0
DA:290,0
DA:296,0
DA:297,0
DA:305,0
DA:306,0
DA:308,0
DA:309,0
DA:315,0
DA:316,0
DA:322,0
DA:328,0
DA:334,0
DA:335,0
DA:343,0
DA:344,0
DA:345,0
DA:347,0
DA:348,0
DA:354,0
DA:373,0
DA:374,0
DA:377,0
DA:379,0
DA:385,0
DA:386,0
DA:393,0
LF:98
LH:0
BRDA:9,0,0,0
BRDA:9,0,1,0
BRDA:11,1,0,0
BRDA:11,1,1,0
BRDA:18,2,0,0
BRDA:18,2,1,0
BRDA:19,3,0,0
BRDA:19,3,1,0
BRDA:44,4,0,0
BRDA:44,4,1,0
BRDA:51,5,0,0
BRDA:51,5,1,0
BRDA:59,6,0,0
BRDA:59,6,1,0
BRDA:72,7,0,0
BRDA:72,7,1,0
BRDA:91,8,0,0
BRDA:91,8,1,0
BRDA:101,9,0,0
BRDA:101,9,1,0
BRDA:110,10,0,0
BRDA:110,10,1,0
BRDA:146,11,0,0
BRDA:146,11,1,0
BRDA:180,12,0,0
BRDA:180,12,1,0
BRDA:192,13,0,0
BRDA:192,13,1,0
BRDA:205,14,0,0
BRDA:205,14,1,0
BRDA:213,15,0,0
BRDA:213,15,1,0
BRDA:213,16,0,0
BRDA:213,16,1,0
BRDA:225,17,0,0
BRDA:225,17,1,0
BRDA:228,18,0,0
BRDA:228,18,1,0
BRDA:231,19,0,0
BRDA:231,19,1,0
BRDA:254,20,0,0
BRDA:254,20,1,0
BRDA:315,21,0,0
BRDA:315,21,1,0
BRDA:347,22,0,0
BRDA:347,22,1,0
BRDA:373,23,0,0
BRDA:373,23,1,0
BRF:48
BRH:0
end_of_record
TN:
SF:routes\auth-fixed.js
FN:8,(anonymous_0)
FN:32,(anonymous_1)
FN:102,(anonymous_2)
FN:110,(anonymous_3)
FN:156,authenticateToken
FN:170,(anonymous_5)
FNF:6
FNH:0
FNDA:0,(anonymous_0)
FNDA:0,(anonymous_1)
FNDA:0,(anonymous_2)
FNDA:0,(anonymous_3)
FNDA:0,authenticateToken
FNDA:0,(anonymous_5)
DA:1,0
DA:2,0
DA:3,0
DA:5,0
DA:8,0
DA:9,0
DA:10,0
DA:12,0
DA:19,0
DA:20,0
DA:32,0
DA:33,0
DA:34,0
DA:37,0
DA:38,0
DA:48,0
DA:50,0
DA:51,0
DA:60,0
DA:63,0
DA:66,0
DA:69,0
DA:90,0
DA:91,0
DA:102,0
DA:103,0
DA:110,0
DA:111,0
DA:112,0
DA:114,0
DA:115,0
DA:124,0
DA:144,0
DA:145,0
DA:157,0
DA:158,0
DA:160,0
DA:161,0
DA:170,0
DA:171,0
DA:172,0
DA:181,0
DA:182,0
DA:186,0
LF:44
LH:0
BRDA:16,0,0,0
BRDA:16,0,1,0
BRDA:37,1,0,0
BRDA:37,1,1,0
BRDA:37,2,0,0
BRDA:37,2,1,0
BRDA:50,3,0,0
BRDA:50,3,1,0
BRDA:114,4,0,0
BRDA:114,4,1,0
BRDA:158,5,0,0
BRDA:158,5,1,0
BRDA:160,6,0,0
BRDA:160,6,1,0
BRDA:171,7,0,0
BRDA:171,7,1,0
BRF:16
BRH:0
end_of_record
TN:
SF:routes\auth.js
FN:9,(anonymous_0)
FN:33,(anonymous_1)
FN:121,(anonymous_2)
FN:129,(anonymous_3)
FN:175,authenticateToken
FN:189,(anonymous_5)
FNF:6
FNH:0
FNDA:0,(anonymous_0)
FNDA:0,(anonymous_1)
FNDA:0,(anonymous_2)
FNDA:0,(anonymous_3)
FNDA:0,authenticateToken
FNDA:0,(anonymous_5)
DA:1,0
DA:2,0
DA:3,0
DA:4,0
DA:6,0
DA:9,0
DA:10,0
DA:11,0
DA:13,0
DA:20,0
DA:21,0
DA:33,0
DA:34,0
DA:35,0
DA:36,0
DA:39,0
DA:40,0
DA:51,0
DA:52,0
DA:64,0
DA:66,0
DA:76,0
DA:88,0
DA:109,0
DA:110,0
DA:121,0
DA:122,0
DA:129,0
DA:130,0
DA:131,0
DA:133,0
DA:134,0
DA:143,0
DA:163,0
DA:164,0
DA:176,0
DA:177,0
DA:179,0
DA:180,0
DA:189,0
DA:190,0
DA:191,0
DA:200,0
DA:201,0
DA:205,0
LF:45
LH:0
BRDA:17,0,0,0
BRDA:17,0,1,0
BRDA:39,1,0,0
BRDA:39,1,1,0
BRDA:39,2,0,0
BRDA:39,2,1,0
BRDA:51,3,0,0
BRDA:51,3,1,0
BRDA:51,4,0,0
BRDA:51,4,1,0
BRDA:83,5,0,0
BRDA:83,5,1,0
BRDA:84,6,0,0
BRDA:84,6,1,0
BRDA:133,7,0,0
BRDA:133,7,1,0
BRDA:177,8,0,0
BRDA:177,8,1,0
BRDA:179,9,0,0
BRDA:179,9,1,0
BRDA:190,10,0,0
BRDA:190,10,1,0
BRF:22
BRH:0
end_of_record
TN:
SF:routes\bookings.js
FN:23,(anonymous_0)
FN:64,(anonymous_1)
FN:81,(anonymous_2)
FN:95,(anonymous_3)
FN:151,(anonymous_4)
FN:197,(anonymous_5)
FN:274,(anonymous_6)
FN:309,(anonymous_7)
FN:318,(anonymous_8)
FN:364,(anonymous_9)
FN:394,(anonymous_10)
FN:442,(anonymous_11)
FNF:12
FNH:0
FNDA:0,(anonymous_0)
FNDA:0,(anonymous_1)
FNDA:0,(anonymous_2)
FNDA:0,(anonymous_3)
FNDA:0,(anonymous_4)
FNDA:0,(anonymous_5)
FNDA:0,(anonymous_6)
FNDA:0,(anonymous_7)
FNDA:0,(anonymous_8)
FNDA:0,(anonymous_9)
FNDA:0,(anonymous_10)
FNDA:0,(anonymous_11)
DA:1,0
DA:2,0
DA:3,0
DA:4,0
DA:5,0
DA:8,0
DA:16,0
DA:23,0
DA:24,0
DA:25,0
DA:27,0
DA:28,0
DA:37,0
DA:38,0
DA:45,0
DA:46,0
DA:52,0
DA:53,0
DA:55,0
DA:56,0
DA:64,0
DA:65,0
DA:66,0
DA:76,0
DA:81,0
DA:82,0
DA:83,0
DA:84,0
DA:87,0
DA:89,0
DA:90,0
DA:95,0
DA:100,0
DA:103,0
DA:104,0
DA:105,0
DA:111,0
DA:112,0
DA:119,0
DA:120,0
DA:121,0
DA:128,0
DA:133,0
DA:134,0
DA:141,0
DA:151,0
DA:152,0
DA:157,0
DA:167,0
DA:171,0
DA:173,0
DA:180,0
DA:182,0
DA:183,0
DA:189,0
DA:197,0
DA:198,0
DA:199,0
DA:208,0
DA:211,0
DA:224,0
DA:225,0
DA:226,0
DA:227,0
DA:231,0
DA:232,0
DA:233,0
DA:236,0
DA:237,0
DA:238,0
DA:241,0
DA:242,0
DA:243,0
DA:245,0
DA:250,0
DA:252,0
DA:265,0
DA:266,0
DA:274,0
DA:275,0
DA:276,0
DA:279,0
DA:295,0
DA:300,0
DA:301,0
DA:309,0
DA:310,0
DA:311,0
DA:312,0
DA:313,0
DA:318,0
DA:323,0
DA:324,0
DA:325,0
DA:327,0
DA:328,0
DA:335,0
DA:336,0
DA:338,0
DA:344,0
DA:349,0
DA:355,0
DA:356,0
DA:364,0
DA:365,0
DA:366,0
DA:367,0
DA:368,0
DA:371,0
DA:372,0
DA:379,0
DA:380,0
DA:387,0
DA:388,0
DA:394,0
DA:396,0
DA:405,0
DA:415,0
DA:419,0
DA:426,0
DA:433,0
DA:434,0
DA:442,0
DA:443,0
DA:444,0
DA:445,0
DA:446,0
DA:448,0
DA:449,0
DA:456,0
DA:465,0
DA:471,0
DA:478,0
DA:479,0
DA:486,0
LF:135
LH:0
BRDA:4,0,0,0
BRDA:4,0,1,0
BRDA:37,1,0,0
BRDA:37,1,1,0
BRDA:45,2,0,0
BRDA:45,2,1,0
BRDA:45,3,0,0
BRDA:45,3,1,0
BRDA:45,3,2,0
BRDA:89,4,0,0
BRDA:89,4,1,0
BRDA:104,5,0,0
BRDA:104,5,1,0
BRDA:111,6,0,0
BRDA:111,6,1,0
BRDA:120,7,0,0
BRDA:120,7,1,0
BRDA:133,8,0,0
BRDA:133,8,1,0
BRDA:182,9,0,0
BRDA:182,9,1,0
BRDA:201,10,0,0
BRDA:202,11,0,0
BRDA:206,12,0,0
BRDA:207,13,0,0
BRDA:224,14,0,0
BRDA:224,14,1,0
BRDA:226,15,0,0
BRDA:226,15,1,0
BRDA:231,16,0,0
BRDA:231,16,1,0
BRDA:232,17,0,0
BRDA:232,17,1,0
BRDA:233,18,0,0
BRDA:233,18,1,0
BRDA:242,19,0,0
BRDA:242,19,1,0
BRDA:243,20,0,0
BRDA:243,20,1,0
BRDA:312,21,0,0
BRDA:312,21,1,0
BRDA:327,22,0,0
BRDA:327,22,1,0
BRDA:371,23,0,0
BRDA:371,23,1,0
BRDA:371,24,0,0
BRDA:371,24,1,0
BRDA:379,25,0,0
BRDA:379,25,1,0
BRDA:387,26,0,0
BRDA:387,26,1,0
BRDA:448,27,0,0
BRDA:448,27,1,0
BRF:53
BRH:0
end_of_record
TN:
SF:routes\cache.js
FN:7,(anonymous_0)
FN:19,(anonymous_1)
FN:42,(anonymous_2)
FN:68,(anonymous_3)
FN:99,(anonymous_4)
FN:119,(anonymous_5)
FN:139,(anonymous_6)
FN:151,(anonymous_7)
FN:200,(anonymous_8)
FN:219,(anonymous_9)
FNF:10
FNH:0
FNDA:0,(anonymous_0)
FNDA:0,(anonymous_1)
FNDA:0,(anonymous_2)
FNDA:0,(anonymous_3)
FNDA:0,(anonymous_4)
FNDA:0,(anonymous_5)
FNDA:0,(anonymous_6)
FNDA:0,(anonymous_7)
FNDA:0,(anonymous_8)
FNDA:0,(anonymous_9)
DA:1,0
DA:2,0
DA:3,0
DA:4,0
DA:7,0
DA:8,0
DA:9,0
DA:15,0
DA:16,0
DA:19,0
DA:20,0
DA:21,0
DA:22,0
DA:24,0
DA:27,0
DA:32,0
DA:33,0
DA:42,0
DA:43,0
DA:44,0
DA:46,0
DA:47,0
DA:49,0
DA:58,0
DA:59,0
DA:68,0
DA:69,0
DA:70,0
DA:71,0
DA:73,0
DA:74,0
DA:80,0
DA:89,0
DA:90,0
DA:99,0
DA:100,0
DA:101,0
DA:102,0
DA:104,0
DA:109,0
DA:110,0
DA:119,0
DA:120,0
DA:121,0
DA:122,0
DA:124,0
DA:129,0
DA:130,0
DA:139,0
DA:140,0
DA:141,0
DA:143,0
DA:144,0
DA:150,0
DA:151,0
DA:153,0
DA:154,0
DA:162,0
DA:163,0
DA:165,0
DA:166,0
DA:168,0
DA:169,0
DA:171,0
DA:172,0
DA:174,0
DA:175,0
DA:177,0
DA:178,0
DA:180,0
DA:181,0
DA:185,0
DA:190,0
DA:191,0
DA:200,0
DA:201,0
DA:202,0
DA:204,0
DA:209,0
DA:210,0
DA:219,0
DA:220,0
DA:221,0
DA:222,0
DA:224,0
DA:225,0
DA:226,0
DA:229,0
DA:230,0
DA:233,0
DA:234,0
DA:236,0
DA:239,0
DA:243,0
DA:249,0
DA:250,0
DA:258,0
LF:97
LH:0
BRDA:21,0,0,0
BRDA:21,0,1,0
BRDA:44,1,0,0
BRDA:44,2,0,0
BRDA:73,3,0,0
BRDA:73,3,1,0
BRDA:141,4,0,0
BRDA:143,5,0,0
BRDA:143,5,1,0
BRDA:143,6,0,0
BRDA:143,6,1,0
BRDA:153,7,0,0
BRDA:153,7,1,0
BRDA:163,8,0,0
BRDA:163,8,1,0
BRDA:163,8,2,0
BRDA:163,8,3,0
BRDA:163,8,4,0
BRDA:163,8,5,0
BRDA:221,9,0,0
BRDA:226,10,0,0
BRDA:226,10,1,0
BRDA:226,10,2,0
BRF:23
BRH:0
end_of_record
TN:
SF:routes\customers.js
FN:5,(anonymous_0)
FNF:1
FNH:0
FNDA:0,(anonymous_0)
DA:1,0
DA:2,0
DA:5,0
DA:6,0
DA:12,0
LF:5
LH:0
BRF:0
BRH:0
end_of_record
TN:
SF:routes\database.js
FN:10,(anonymous_0)
FN:29,(anonymous_1)
FN:48,(anonymous_2)
FN:68,(anonymous_3)
FN:108,(anonymous_4)
FN:142,(anonymous_5)
FN:163,(anonymous_6)
FN:184,(anonymous_7)
FN:235,(anonymous_8)
FN:289,(anonymous_9)
FN:309,(anonymous_10)
FN:310,(anonymous_11)
FN:317,(anonymous_12)
FNF:13
FNH:0
FNDA:0,(anonymous_0)
FNDA:0,(anonymous_1)
FNDA:0,(anonymous_2)
FNDA:0,(anonymous_3)
FNDA:0,(anonymous_4)
FNDA:0,(anonymous_5)
FNDA:0,(anonymous_6)
FNDA:0,(anonymous_7)
FNDA:0,(anonymous_8)
FNDA:0,(anonymous_9)
FNDA:0,(anonymous_10)
FNDA:0,(anonymous_11)
FNDA:0,(anonymous_12)
DA:1,0
DA:2,0
DA:3,0
DA:4,0
DA:5,0
DA:7,0
DA:10,0
DA:11,0
DA:12,0
DA:14,0
DA:19,0
DA:20,0
DA:29,0
DA:30,0
DA:31,0
DA:33,0
DA:38,0
DA:39,0
DA:48,0
DA:49,0
DA:50,0
DA:51,0
DA:53,0
DA:58,0
DA:59,0
DA:68,0
DA:69,0
DA:70,0
DA:72,0
DA:73,0
DA:81,0
DA:82,0
DA:84,0
DA:91,0
DA:93,0
DA:98,0
DA:99,0
DA:108,0
DA:109,0
DA:110,0
DA:111,0
DA:113,0
DA:114,0
DA:115,0
DA:116,0
DA:118,0
DA:125,0
DA:127,0
DA:132,0
DA:133,0
DA:142,0
DA:143,0
DA:144,0
DA:146,0
DA:148,0
DA:153,0
DA:154,0
DA:163,0
DA:164,0
DA:165,0
DA:167,0
DA:169,0
DA:174,0
DA:175,0
DA:184,0
DA:185,0
DA:186,0
DA:189,0
DA:198,0
DA:213,0
DA:215,0
DA:225,0
DA:226,0
DA:235,0
DA:236,0
DA:237,0
DA:240,0
DA:242,0
DA:243,0
DA:246,0
DA:247,0
DA:249,0
DA:250,0
DA:251,0
DA:254,0
DA:255,0
DA:256,0
DA:259,0
DA:260,0
DA:261,0
DA:264,0
DA:275,0
DA:276,0
DA:289,0
DA:290,0
DA:291,0
DA:298,0
DA:306,0
DA:309,0
DA:310,0
DA:313,0
DA:314,0
DA:317,0
DA:322,0
DA:323,0
DA:331,0
DA:332,0
DA:339,0
DA:356,0
DA:357,0
DA:365,0
LF:111
LH:0
BRDA:50,0,0,0
BRDA:72,1,0,0
BRDA:72,1,1,0
BRDA:114,2,0,0
BRDA:114,2,1,0
BRDA:144,3,0,0
BRDA:150,4,0,0
BRDA:150,4,1,0
BRDA:165,5,0,0
BRDA:171,6,0,0
BRDA:171,6,1,0
BRDA:249,7,0,0
BRDA:249,7,1,0
BRDA:254,8,0,0
BRDA:254,8,1,0
BRDA:256,9,0,0
BRDA:256,9,1,0
BRDA:259,10,0,0
BRDA:259,10,1,0
BRDA:291,11,0,0
BRDA:313,12,0,0
BRDA:313,12,1,0
BRDA:322,13,0,0
BRDA:322,13,1,0
BRDA:331,14,0,0
BRDA:331,14,1,0
BRF:26
BRH:0
end_of_record
TN:
SF:routes\deals.js
FN:8,authenticateToken
FN:19,(anonymous_1)
FN:60,(anonymous_2)
FN:77,(anonymous_3)
FN:110,(anonymous_4)
FN:127,(anonymous_5)
FN:170,(anonymous_6)
FN:194,(anonymous_7)
FN:252,(anonymous_8)
FNF:9
FNH:0
FNDA:0,authenticateToken
FNDA:0,(anonymous_1)
FNDA:0,(anonymous_2)
FNDA:0,(anonymous_3)
FNDA:0,(anonymous_4)
FNDA:0,(anonymous_5)
FNDA:0,(anonymous_6)
FNDA:0,(anonymous_7)
FNDA:0,(anonymous_8)
DA:1,0
DA:2,0
DA:3,0
DA:4,0
DA:5,0
DA:9,0
DA:10,0
DA:12,0
DA:13,0
DA:19,0
DA:20,0
DA:21,0
DA:26,0
DA:27,0
DA:31,0
DA:34,0
DA:48,0
DA:60,0
DA:61,0
DA:62,0
DA:65,0
DA:66,0
DA:67,0
DA:77,0
DA:79,0
DA:82,0
DA:93,0
DA:101,0
DA:102,0
DA:110,0
DA:111,0
DA:112,0
DA:115,0
DA:116,0
DA:117,0
DA:127,0
DA:128,0
DA:130,0
DA:131,0
DA:138,0
DA:141,0
DA:153,0
DA:161,0
DA:162,0
DA:170,0
DA:171,0
DA:172,0
DA:179,0
DA:182,0
DA:183,0
DA:184,0
DA:194,0
DA:195,0
DA:197,0
DA:198,0
DA:204,0
DA:205,0
DA:211,0
DA:220,0
DA:223,0
DA:235,0
DA:243,0
DA:244,0
DA:252,0
DA:253,0
DA:254,0
DA:256,0
DA:263,0
DA:270,0
DA:271,0
DA:278,0
LF:71
LH:0
BRDA:10,0,0,0
BRDA:10,0,1,0
BRDA:12,1,0,0
BRDA:12,1,1,0
BRDA:19,2,0,0
BRDA:19,2,1,0
BRDA:20,3,0,0
BRDA:20,3,1,0
BRDA:66,4,0,0
BRDA:66,4,1,0
BRDA:104,5,0,0
BRDA:104,5,1,0
BRDA:116,6,0,0
BRDA:116,6,1,0
BRDA:130,7,0,0
BRDA:130,7,1,0
BRDA:164,8,0,0
BRDA:164,8,1,0
BRDA:182,9,0,0
BRDA:182,9,1,0
BRDA:183,10,0,0
BRDA:183,10,1,0
BRDA:183,11,0,0
BRDA:183,11,1,0
BRDA:197,12,0,0
BRDA:197,12,1,0
BRDA:204,13,0,0
BRDA:204,13,1,0
BRDA:212,14,0,0
BRDA:212,14,1,0
BRDA:213,15,0,0
BRDA:213,15,1,0
BRDA:214,16,0,0
BRDA:214,16,1,0
BRDA:215,17,0,0
BRDA:215,17,1,0
BRDA:216,18,0,0
BRDA:216,18,1,0
BRDA:246,19,0,0
BRDA:246,19,1,0
BRF:40
BRH:0
end_of_record
TN:
SF:routes\files.js
FN:15,(anonymous_0)
FN:24,(anonymous_1)
FN:37,(anonymous_2)
FN:51,(anonymous_3)
FN:133,(anonymous_4)
FN:218,(anonymous_5)
FN:257,(anonymous_6)
FN:296,(anonymous_7)
FN:339,(anonymous_8)
FN:389,(anonymous_9)
FN:479,(anonymous_10)
FN:544,(anonymous_11)
FNF:12
FNH:0
FNDA:0,(anonymous_0)
FNDA:0,(anonymous_1)
FNDA:0,(anonymous_2)
FNDA:0,(anonymous_3)
FNDA:0,(anonymous_4)
FNDA:0,(anonymous_5)
FNDA:0,(anonymous_6)
FNDA:0,(anonymous_7)
FNDA:0,(anonymous_8)
FNDA:0,(anonymous_9)
FNDA:0,(anonymous_10)
FNDA:0,(anonymous_11)
DA:1,0
DA:2,0
DA:3,0
DA:4,0
DA:5,0
DA:6,0
DA:7,0
DA:8,0
DA:9,0
DA:10,0
DA:11,0
DA:14,0
DA:16,0
DA:17,0
DA:18,0
DA:19,0
DA:21,0
DA:25,0
DA:26,0
DA:27,0
DA:31,0
DA:38,0
DA:39,0
DA:40,0
DA:42,0
DA:43,0
DA:45,0
DA:51,0
DA:52,0
DA:53,0
DA:55,0
DA:56,0
DA:65,0
DA:66,0
DA:68,0
DA:69,0
DA:70,0
DA:73,0
DA:75,0
DA:77,0
DA:78,0
DA:80,0
DA:81,0
DA:82,0
DA:85,0
DA:88,0
DA:91,0
DA:102,0
DA:111,0
DA:121,0
DA:122,0
DA:133,0
DA:134,0
DA:135,0
DA:136,0
DA:145,0
DA:146,0
DA:148,0
DA:149,0
DA:150,0
DA:153,0
DA:154,0
DA:155,0
DA:157,0
DA:158,0
DA:160,0
DA:161,0
DA:162,0
DA:165,0
DA:171,0
DA:177,0
DA:180,0
DA:194,0
DA:197,0
DA:206,0
DA:207,0
DA:218,0
DA:219,0
DA:229,0
DA:231,0
DA:232,0
DA:244,0
DA:245,0
DA:248,0
DA:249,0
DA:252,0
DA:253,0
DA:256,0
DA:257,0
DA:258,0
DA:264,0
DA:266,0
DA:267,0
DA:268,0
DA:270,0
DA:284,0
DA:285,0
DA:296,0
DA:297,0
DA:298,0
DA:311,0
DA:312,0
DA:321,0
DA:327,0
DA:328,0
DA:339,0
DA:340,0
DA:341,0
DA:346,0
DA:347,0
DA:357,0
DA:358,0
DA:360,0
DA:370,0
DA:374,0
DA:377,0
DA:378,0
DA:389,0
DA:390,0
DA:391,0
DA:393,0
DA:394,0
DA:403,0
DA:405,0
DA:407,0
DA:413,0
DA:414,0
DA:417,0
DA:418,0
DA:419,0
DA:420,0
DA:422,0
DA:425,0
DA:426,0
DA:430,0
DA:431,0
DA:433,0
DA:434,0
DA:436,0
DA:437,0
DA:439,0
DA:440,0
DA:441,0
DA:442,0
DA:444,0
DA:448,0
DA:449,0
DA:452,0
DA:461,0
DA:467,0
DA:468,0
DA:479,0
DA:480,0
DA:481,0
DA:488,0
DA:489,0
DA:490,0
DA:499,0
DA:504,0
DA:505,0
DA:514,0
DA:523,0
DA:532,0
DA:533,0
DA:544,0
DA:545,0
DA:546,0
DA:551,0
DA:552,0
DA:561,0
DA:568,0
DA:576,0
DA:577,0
DA:587,0
LF:174
LH:0
BRDA:42,0,0,0
BRDA:42,0,1,0
BRDA:42,1,0,0
BRDA:42,1,1,0
BRDA:55,2,0,0
BRDA:55,2,1,0
BRDA:55,3,0,0
BRDA:55,3,1,0
BRDA:55,3,2,0
BRDA:55,3,3,0
BRDA:55,3,4,0
BRDA:75,4,0,0
BRDA:75,4,1,0
BRDA:97,5,0,0
BRDA:97,5,1,0
BRDA:135,6,0,0
BRDA:135,6,1,0
BRDA:135,7,0,0
BRDA:135,7,1,0
BRDA:145,8,0,0
BRDA:153,9,0,0
BRDA:153,9,1,0
BRDA:189,10,0,0
BRDA:189,10,1,0
BRDA:221,11,0,0
BRDA:222,12,0,0
BRDA:227,13,0,0
BRDA:228,14,0,0
BRDA:244,15,0,0
BRDA:244,15,1,0
BRDA:248,16,0,0
BRDA:248,16,1,0
BRDA:252,17,0,0
BRDA:252,17,1,0
BRDA:256,18,0,0
BRDA:256,18,1,0
BRDA:311,19,0,0
BRDA:311,19,1,0
BRDA:346,20,0,0
BRDA:346,20,1,0
BRDA:393,21,0,0
BRDA:393,21,1,0
BRDA:393,22,0,0
BRDA:393,22,1,0
BRDA:393,22,2,0
BRDA:405,23,0,0
BRDA:405,23,1,0
BRDA:405,23,2,0
BRDA:405,23,3,0
BRDA:419,24,0,0
BRDA:419,24,1,0
BRDA:420,25,0,0
BRDA:420,25,1,0
BRDA:489,26,0,0
BRDA:489,26,1,0
BRDA:504,27,0,0
BRDA:504,27,1,0
BRDA:551,28,0,0
BRDA:551,28,1,0
BRF:59
BRH:0
end_of_record
TN:
SF:routes\lookup.js
FN:7,authenticateToken
FN:21,(anonymous_1)
FN:38,(anonymous_2)
FN:58,(anonymous_3)
FN:87,(anonymous_4)
FN:107,(anonymous_5)
FN:127,(anonymous_6)
FNF:7
FNH:0
FNDA:0,authenticateToken
FNDA:0,(anonymous_1)
FNDA:0,(anonymous_2)
FNDA:0,(anonymous_3)
FNDA:0,(anonymous_4)
FNDA:0,(anonymous_5)
FNDA:0,(anonymous_6)
DA:1,0
DA:2,0
DA:3,0
DA:4,0
DA:8,0
DA:9,0
DA:11,0
DA:12,0
DA:21,0
DA:22,0
DA:23,0
DA:32,0
DA:33,0
DA:38,0
DA:39,0
DA:40,0
DA:44,0
DA:49,0
DA:50,0
DA:58,0
DA:59,0
DA:60,0
DA:62,0
DA:67,0
DA:68,0
DA:71,0
DA:73,0
DA:78,0
DA:79,0
DA:87,0
DA:88,0
DA:89,0
DA:93,0
DA:98,0
DA:99,0
DA:107,0
DA:108,0
DA:109,0
DA:113,0
DA:118,0
DA:119,0
DA:127,0
DA:128,0
DA:129,0
DA:131,0
DA:132,0
DA:139,0
DA:143,0
DA:144,0
DA:150,0
DA:158,0
DA:163,0
DA:164,0
DA:171,0
LF:54
LH:0
BRDA:9,0,0,0
BRDA:9,0,1,0
BRDA:11,1,0,0
BRDA:11,1,1,0
BRDA:21,2,0,0
BRDA:21,2,1,0
BRDA:22,3,0,0
BRDA:22,3,1,0
BRDA:67,4,0,0
BRDA:67,4,1,0
BRDA:129,5,0,0
BRDA:131,6,0,0
BRDA:131,6,1,0
BRDA:143,7,0,0
BRDA:143,7,1,0
BRF:15
BRH:0
end_of_record
TN:
SF:routes\notifications.js
FN:10,(anonymous_0)
FN:95,(anonymous_1)
FN:138,(anonymous_2)
FN:227,(anonymous_3)
FN:279,(anonymous_4)
FN:308,(anonymous_5)
FN:349,(anonymous_6)
FN:412,(anonymous_7)
FN:457,(anonymous_8)
FN:519,(anonymous_9)
FN:577,(anonymous_10)
FN:623,sendPushNotification
FN:654,isInQuietHours
FNF:13
FNH:0
FNDA:0,(anonymous_0)
FNDA:0,(anonymous_1)
FNDA:0,(anonymous_2)
FNDA:0,(anonymous_3)
FNDA:0,(anonymous_4)
FNDA:0,(anonymous_5)
FNDA:0,(anonymous_6)
FNDA:0,(anonymous_7)
FNDA:0,(anonymous_8)
FNDA:0,(anonymous_9)
FNDA:0,(anonymous_10)
FNDA:0,sendPushNotification
FNDA:0,isInQuietHours
DA:1,0
DA:2,0
DA:3,0
DA:4,0
DA:5,0
DA:6,0
DA:7,0
DA:10,0
DA:11,0
DA:20,0
DA:22,0
DA:23,0
DA:35,0
DA:36,0
DA:39,0
DA:40,0
DA:41,0
DA:42,0
DA:43,0
DA:47,0
DA:48,0
DA:52,0
DA:55,0
DA:56,0
DA:59,0
DA:62,0
DA:68,0
DA:83,0
DA:84,0
DA:95,0
DA:96,0
DA:97,0
DA:110,0
DA:111,0
DA:120,0
DA:126,0
DA:127,0
DA:138,0
DA:139,0
DA:140,0
DA:164,0
DA:165,0
DA:166,0
DA:176,0
DA:180,0
DA:181,0
DA:191,0
DA:199,0
DA:206,0
DA:215,0
DA:216,0
DA:227,0
DA:228,0
DA:229,0
DA:234,0
DA:235,0
DA:244,0
DA:245,0
DA:253,0
DA:259,0
DA:267,0
DA:268,0
DA:279,0
DA:280,0
DA:281,0
DA:288,0
DA:296,0
DA:297,0
DA:308,0
DA:309,0
DA:310,0
DA:315,0
DA:316,0
DA:325,0
DA:329,0
DA:337,0
DA:338,0
DA:349,0
DA:350,0
DA:351,0
DA:353,0
DA:354,0
DA:363,0
DA:365,0
DA:367,0
DA:373,0
DA:374,0
DA:377,0
DA:381,0
DA:382,0
DA:385,0
DA:394,0
DA:400,0
DA:401,0
DA:412,0
DA:413,0
DA:414,0
DA:418,0
DA:420,0
DA:433,0
DA:438,0
DA:445,0
DA:446,0
DA:457,0
DA:458,0
DA:459,0
DA:472,0
DA:473,0
DA:474,0
DA:484,0
DA:498,0
DA:507,0
DA:508,0
DA:519,0
DA:520,0
DA:521,0
DA:532,0
DA:533,0
DA:534,0
DA:543,0
DA:546,0
DA:547,0
DA:551,0
DA:552,0
DA:557,0
DA:566,0
DA:567,0
DA:577,0
DA:590,0
DA:593,0
DA:594,0
DA:602,0
DA:611,0
DA:612,0
DA:624,0
DA:626,0
DA:630,0
DA:631,0
DA:635,0
DA:636,0
DA:646,0
DA:649,0
DA:655,0
DA:657,0
DA:658,0
DA:660,0
DA:663,0
LF:147
LH:0
BRDA:13,0,0,0
BRDA:14,1,0,0
BRDA:16,2,0,0
BRDA:18,3,0,0
BRDA:19,4,0,0
BRDA:35,5,0,0
BRDA:35,5,1,0
BRDA:39,6,0,0
BRDA:39,6,1,0
BRDA:40,7,0,0
BRDA:40,7,1,0
BRDA:42,8,0,0
BRDA:42,8,1,0
BRDA:47,9,0,0
BRDA:47,9,1,0
BRDA:110,10,0,0
BRDA:110,10,1,0
BRDA:165,11,0,0
BRDA:165,11,1,0
BRDA:180,12,0,0
BRDA:180,12,1,0
BRDA:234,13,0,0
BRDA:234,13,1,0
BRDA:244,14,0,0
BRDA:244,14,1,0
BRDA:315,15,0,0
BRDA:315,15,1,0
BRDA:353,16,0,0
BRDA:353,16,1,0
BRDA:353,17,0,0
BRDA:353,17,1,0
BRDA:353,17,2,0
BRDA:365,18,0,0
BRDA:365,18,1,0
BRDA:365,18,2,0
BRDA:418,19,0,0
BRDA:418,19,1,0
BRDA:473,20,0,0
BRDA:473,20,1,0
BRDA:533,21,0,0
BRDA:533,21,1,0
BRDA:546,22,0,0
BRDA:546,22,1,0
BRDA:546,23,0,0
BRDA:546,23,1,0
BRDA:551,24,0,0
BRDA:551,24,1,0
BRDA:551,25,0,0
BRDA:551,25,1,0
BRDA:566,26,0,0
BRDA:566,26,1,0
BRDA:585,27,0,0
BRDA:585,27,1,0
BRDA:586,28,0,0
BRDA:586,28,1,0
BRDA:630,29,0,0
BRDA:630,29,1,0
BRDA:630,30,0,0
BRDA:630,30,1,0
BRDA:635,31,0,0
BRDA:635,31,1,0
BRDA:635,32,0,0
BRDA:635,32,1,0
BRDA:655,33,0,0
BRDA:655,33,1,0
BRDA:655,34,0,0
BRDA:655,34,1,0
BRDA:660,35,0,0
BRDA:660,35,1,0
BRF:69
BRH:0
end_of_record
TN:
SF:routes\properties.js
FN:84,(anonymous_0)
FN:88,(anonymous_1)
FN:121,(anonymous_2)
FN:140,(anonymous_3)
FN:282,(anonymous_4)
FN:347,(anonymous_5)
FN:445,(anonymous_6)
FN:454,(anonymous_7)
FN:511,(anonymous_8)
FN:573,(anonymous_9)
FN:582,(anonymous_10)
FN:601,(anonymous_11)
FN:637,(anonymous_12)
FN:694,(anonymous_13)
FNF:14
FNH:0
FNDA:0,(anonymous_0)
FNDA:0,(anonymous_1)
FNDA:0,(anonymous_2)
FNDA:0,(anonymous_3)
FNDA:0,(anonymous_4)
FNDA:0,(anonymous_5)
FNDA:0,(anonymous_6)
FNDA:0,(anonymous_7)
FNDA:0,(anonymous_8)
FNDA:0,(anonymous_9)
FNDA:0,(anonymous_10)
FNDA:0,(anonymous_11)
FNDA:0,(anonymous_12)
FNDA:0,(anonymous_13)
DA:1,0
DA:2,0
DA:3,0
DA:4,0
DA:5,0
DA:6,0
DA:7,0
DA:8,0
DA:11,0
DA:82,0
DA:84,0
DA:88,0
DA:89,0
DA:90,0
DA:92,0
DA:93,0
DA:94,0
DA:95,0
DA:102,0
DA:103,0
DA:109,0
DA:110,0
DA:112,0
DA:113,0
DA:121,0
DA:122,0
DA:123,0
DA:125,0
DA:130,0
DA:131,0
DA:132,0
DA:133,0
DA:136,0
DA:140,0
DA:141,0
DA:142,0
DA:152,0
DA:282,0
DA:283,0
DA:284,0
DA:299,0
DA:302,0
DA:314,0
DA:328,0
DA:329,0
DA:330,0
DA:331,0
DA:335,0
DA:336,0
DA:337,0
DA:338,0
DA:340,0
DA:341,0
DA:342,0
DA:343,0
DA:346,0
DA:347,0
DA:348,0
DA:355,0
DA:356,0
DA:357,0
DA:360,0
DA:361,0
DA:362,0
DA:364,0
DA:369,0
DA:371,0
DA:384,0
DA:385,0
DA:445,0
DA:446,0
DA:447,0
DA:448,0
DA:449,0
DA:454,0
DA:459,0
DA:460,0
DA:463,0
DA:469,0
DA:482,0
DA:487,0
DA:489,0
DA:494,0
DA:496,0
DA:497,0
DA:503,0
DA:511,0
DA:512,0
DA:513,0
DA:516,0
DA:535,0
DA:536,0
DA:537,0
DA:543,0
DA:555,0
DA:564,0
DA:565,0
DA:573,0
DA:574,0
DA:575,0
DA:576,0
DA:577,0
DA:582,0
DA:587,0
DA:588,0
DA:589,0
DA:592,0
DA:593,0
DA:600,0
DA:601,0
DA:603,0
DA:604,0
DA:608,0
DA:609,0
DA:610,0
DA:612,0
DA:618,0
DA:623,0
DA:628,0
DA:629,0
DA:637,0
DA:638,0
DA:639,0
DA:640,0
DA:643,0
DA:644,0
DA:651,0
DA:656,0
DA:657,0
DA:664,0
DA:665,0
DA:675,0
DA:680,0
DA:685,0
DA:686,0
DA:694,0
DA:695,0
DA:696,0
DA:697,0
DA:700,0
DA:701,0
DA:707,0
DA:708,0
DA:715,0
DA:716,0
DA:727,0
DA:732,0
DA:738,0
DA:739,0
DA:746,0
LF:150
LH:0
BRDA:4,0,0,0
BRDA:4,0,1,0
BRDA:94,1,0,0
BRDA:94,1,1,0
BRDA:102,2,0,0
BRDA:102,2,1,0
BRDA:102,3,0,0
BRDA:102,3,1,0
BRDA:131,4,0,0
BRDA:131,4,1,0
BRDA:131,5,0,0
BRDA:131,5,1,0
BRDA:132,6,0,0
BRDA:132,6,1,0
BRDA:286,7,0,0
BRDA:287,8,0,0
BRDA:297,9,0,0
BRDA:298,10,0,0
BRDA:328,11,0,0
BRDA:328,11,1,0
BRDA:330,12,0,0
BRDA:330,12,1,0
BRDA:335,13,0,0
BRDA:335,13,1,0
BRDA:336,14,0,0
BRDA:336,14,1,0
BRDA:337,15,0,0
BRDA:337,15,1,0
BRDA:338,16,0,0
BRDA:338,16,1,0
BRDA:340,17,0,0
BRDA:340,17,1,0
BRDA:341,18,0,0
BRDA:341,18,1,0
BRDA:342,19,0,0
BRDA:342,19,1,0
BRDA:343,20,0,0
BRDA:343,20,1,0
BRDA:346,21,0,0
BRDA:346,21,1,0
BRDA:361,22,0,0
BRDA:361,22,1,0
BRDA:362,23,0,0
BRDA:362,23,1,0
BRDA:448,24,0,0
BRDA:448,24,1,0
BRDA:496,25,0,0
BRDA:496,25,1,0
BRDA:536,26,0,0
BRDA:536,26,1,0
BRDA:536,27,0,0
BRDA:536,27,1,0
BRDA:576,28,0,0
BRDA:576,28,1,0
BRDA:592,29,0,0
BRDA:592,29,1,0
BRDA:603,30,0,0
BRDA:603,30,1,0
BRDA:603,31,0,0
BRDA:603,31,1,0
BRDA:643,32,0,0
BRDA:643,32,1,0
BRDA:656,33,0,0
BRDA:656,33,1,0
BRDA:700,34,0,0
BRDA:700,34,1,0
BRDA:707,35,0,0
BRDA:707,35,1,0
BRF:68
BRH:0
end_of_record
TN:
SF:routes\simple-auth.js
FN:64,(anonymous_0)
FN:151,(anonymous_1)
FN:192,(anonymous_2)
FNF:3
FNH:0
FNDA:0,(anonymous_0)
FNDA:0,(anonymous_1)
FNDA:0,(anonymous_2)
DA:1,0
DA:2,0
DA:4,0
DA:64,0
DA:65,0
DA:67,0
DA:69,0
DA:70,0
DA:80,0
DA:81,0
DA:92,0
DA:113,0
DA:151,0
DA:152,0
DA:153,0
DA:155,0
DA:156,0
DA:162,0
DA:163,0
DA:165,0
DA:184,0
DA:192,0
DA:193,0
DA:199,0
LF:24
LH:0
BRDA:69,0,0,0
BRDA:69,0,1,0
BRDA:69,1,0,0
BRDA:69,1,1,0
BRDA:80,2,0,0
BRDA:80,2,1,0
BRDA:80,3,0,0
BRDA:80,3,1,0
BRDA:153,4,0,0
BRDA:153,4,1,0
BRDA:155,5,0,0
BRDA:155,5,1,0
BRF:12
BRH:0
end_of_record
TN:
SF:routes\swagger.js
FN:23,(anonymous_0)
FNF:1
FNH:0
FNDA:0,(anonymous_0)
DA:1,0
DA:2,0
DA:3,0
DA:5,0
DA:8,0
DA:9,0
DA:23,0
DA:24,0
DA:25,0
DA:28,0
LF:10
LH:0
BRF:0
BRH:0
end_of_record
TN:
SF:routes\test-approval.js
FN:7,authenticateToken
FN:18,(anonymous_1)
FN:31,(anonymous_2)
FN:101,(anonymous_3)
FNF:4
FNH:0
FNDA:0,authenticateToken
FNDA:0,(anonymous_1)
FNDA:0,(anonymous_2)
FNDA:0,(anonymous_3)
DA:1,0
DA:2,0
DA:3,0
DA:4,0
DA:8,0
DA:9,0
DA:11,0
DA:12,0
DA:18,0
DA:19,0
DA:20,0
DA:25,0
DA:26,0
DA:31,0
DA:32,0
DA:33,0
DA:34,0
DA:35,0
DA:37,0
DA:39,0
DA:40,0
DA:42,0
DA:43,0
DA:49,0
DA:50,0
DA:57,0
DA:58,0
DA:65,0
DA:66,0
DA:73,0
DA:75,0
DA:85,0
DA:86,0
DA:87,0
DA:89,0
DA:101,0
DA:102,0
DA:104,0
DA:105,0
DA:110,0
DA:111,0
DA:117,0
DA:123,0
DA:124,0
DA:131,0
LF:45
LH:0
BRDA:9,0,0,0
BRDA:9,0,1,0
BRDA:11,1,0,0
BRDA:11,1,1,0
BRDA:18,2,0,0
BRDA:18,2,1,0
BRDA:19,3,0,0
BRDA:19,3,1,0
BRDA:40,4,0,0
BRDA:40,4,1,0
BRDA:42,5,0,0
BRDA:42,5,1,0
BRDA:49,6,0,0
BRDA:49,6,1,0
BRDA:57,7,0,0
BRDA:57,7,1,0
BRDA:110,8,0,0
BRDA:110,8,1,0
BRF:18
BRH:0
end_of_record
TN:
SF:routes\test-simple.js
FN:4,(anonymous_0)
FNF:1
FNH:0
FNDA:0,(anonymous_0)
DA:1,0
DA:2,0
DA:4,0
DA:5,0
DA:8,0
LF:5
LH:0
BRF:0
BRH:0
end_of_record
TN:
SF:routes\upload-local.js
FN:13,(anonymous_0)
FN:38,(anonymous_1)
FN:83,(anonymous_2)
FN:96,(anonymous_3)
FN:102,(anonymous_4)
FN:103,(anonymous_5)
FN:110,(anonymous_6)
FN:114,(anonymous_7)
FN:128,(anonymous_8)
FN:173,(anonymous_9)
FN:200,(anonymous_10)
FN:230,(anonymous_11)
FN:251,(anonymous_12)
FNF:13
FNH:0
FNDA:0,(anonymous_0)
FNDA:0,(anonymous_1)
FNDA:0,(anonymous_2)
FNDA:0,(anonymous_3)
FNDA:0,(anonymous_4)
FNDA:0,(anonymous_5)
FNDA:0,(anonymous_6)
FNDA:0,(anonymous_7)
FNDA:0,(anonymous_8)
FNDA:0,(anonymous_9)
FNDA:0,(anonymous_10)
FNDA:0,(anonymous_11)
FNDA:0,(anonymous_12)
DA:1,0
DA:2,0
DA:3,0
DA:5,0
DA:8,0
DA:15,0
DA:17,0
DA:18,0
DA:20,0
DA:22,0
DA:24,0
DA:27,0
DA:29,0
DA:32,0
DA:38,0
DA:39,0
DA:40,0
DA:42,0
DA:43,0
DA:49,0
DA:51,0
DA:57,0
DA:58,0
DA:68,0
DA:74,0
DA:75,0
DA:83,0
DA:84,0
DA:85,0
DA:87,0
DA:88,0
DA:94,0
DA:96,0
DA:97,0
DA:100,0
DA:102,0
DA:103,0
DA:105,0
DA:110,0
DA:114,0
DA:119,0
DA:120,0
DA:128,0
DA:129,0
DA:130,0
DA:132,0
DA:133,0
DA:139,0
DA:141,0
DA:147,0
DA:148,0
DA:158,0
DA:164,0
DA:165,0
DA:173,0
DA:174,0
DA:175,0
DA:177,0
DA:179,0
DA:181,0
DA:191,0
DA:192,0
DA:200,0
DA:201,0
DA:202,0
DA:204,0
DA:206,0
DA:208,0
DA:209,0
DA:214,0
DA:221,0
DA:222,0
DA:230,0
DA:231,0
DA:232,0
DA:234,0
DA:236,0
DA:242,0
DA:243,0
DA:251,0
DA:252,0
DA:253,0
DA:255,0
DA:256,0
DA:265,0
DA:272,0
DA:273,0
DA:280,0
LF:88
LH:0
BRDA:15,0,0,0
BRDA:15,0,1,0
BRDA:17,1,0,0
BRDA:17,1,1,0
BRDA:22,2,0,0
BRDA:22,2,1,0
BRDA:24,3,0,0
BRDA:24,3,1,0
BRDA:24,4,0,0
BRDA:24,4,1,0
BRDA:24,4,2,0
BRDA:42,5,0,0
BRDA:42,5,1,0
BRDA:57,6,0,0
BRDA:57,6,1,0
BRDA:87,7,0,0
BRDA:87,7,1,0
BRDA:87,8,0,0
BRDA:87,8,1,0
BRDA:132,9,0,0
BRDA:132,9,1,0
BRDA:147,10,0,0
BRDA:147,10,1,0
BRDA:208,11,0,0
BRDA:208,11,1,0
BRDA:255,12,0,0
BRDA:255,12,1,0
BRF:27
BRH:0
end_of_record
TN:
SF:routes\users.js
FN:5,(anonymous_0)
FNF:1
FNH:0
FNDA:0,(anonymous_0)
DA:1,0
DA:2,0
DA:5,0
DA:6,0
DA:12,0
LF:5
LH:0
BRF:0
BRH:0
end_of_record
TN:
SF:services\ApprovalService.js
FN:15,(anonymous_0)
FN:59,(anonymous_1)
FN:89,(anonymous_2)
FN:212,(anonymous_3)
FN:316,(anonymous_4)
FN:326,(anonymous_5)
FN:372,(anonymous_6)
FN:400,(anonymous_7)
FN:423,(anonymous_8)
FNF:9
FNH:0
FNDA:0,(anonymous_0)
FNDA:0,(anonymous_1)
FNDA:0,(anonymous_2)
FNDA:0,(anonymous_3)
FNDA:0,(anonymous_4)
FNDA:0,(anonymous_5)
FNDA:0,(anonymous_6)
FNDA:0,(anonymous_7)
FNDA:0,(anonymous_8)
DA:1,0
DA:16,0
DA:17,0
DA:19,0
DA:21,0
DA:43,0
DA:44,0
DA:48,0
DA:49,0
DA:50,0
DA:52,0
DA:55,0
DA:58,0
DA:59,0
DA:64,0
DA:77,0
DA:78,0
DA:90,0
DA:92,0
DA:93,0
DA:96,0
DA:98,0
DA:99,0
DA:100,0
DA:109,0
DA:112,0
DA:113,0
DA:114,0
DA:124,0
DA:125,0
DA:126,0
DA:127,0
DA:137,0
DA:138,0
DA:139,0
DA:140,0
DA:150,0
DA:157,0
DA:158,0
DA:159,0
DA:169,0
DA:184,0
DA:186,0
DA:188,0
DA:199,0
DA:200,0
DA:201,0
DA:213,0
DA:215,0
DA:216,0
DA:218,0
DA:219,0
DA:229,0
DA:231,0
DA:232,0
DA:233,0
DA:242,0
DA:243,0
DA:244,0
DA:254,0
DA:255,0
DA:256,0
DA:257,0
DA:267,0
DA:275,0
DA:291,0
DA:293,0
DA:305,0
DA:306,0
DA:307,0
DA:317,0
DA:318,0
DA:327,0
DA:329,0
DA:330,0
DA:335,0
DA:338,0
DA:339,0
DA:344,0
DA:347,0
DA:349,0
DA:354,0
DA:357,0
DA:363,0
DA:373,0
DA:388,0
DA:392,0
DA:401,0
DA:402,0
DA:419,0
DA:423,0
DA:435,0
DA:436,0
DA:441,0
LF:94
LH:0
BRDA:15,0,0,0
BRDA:16,1,0,0
BRDA:16,2,0,0
BRDA:16,3,0,0
BRDA:43,4,0,0
BRDA:43,4,1,0
BRDA:43,5,0,0
BRDA:43,5,1,0
BRDA:49,6,0,0
BRDA:49,6,1,0
BRDA:49,7,0,0
BRDA:49,7,1,0
BRDA:89,8,0,0
BRDA:98,9,0,0
BRDA:98,9,1,0
BRDA:112,10,0,0
BRDA:112,10,1,0
BRDA:125,11,0,0
BRDA:125,11,1,0
BRDA:138,12,0,0
BRDA:138,12,1,0
BRDA:157,13,0,0
BRDA:157,13,1,0
BRDA:180,14,0,0
BRDA:180,14,1,0
BRDA:218,15,0,0
BRDA:218,15,1,0
BRDA:218,16,0,0
BRDA:218,16,1,0
BRDA:231,17,0,0
BRDA:231,17,1,0
BRDA:242,18,0,0
BRDA:242,18,1,0
BRDA:255,19,0,0
BRDA:255,19,1,0
BRDA:327,20,0,0
BRDA:327,20,1,0
BRDA:327,20,2,0
BRDA:327,20,3,0
BRDA:329,21,0,0
BRDA:329,21,1,0
BRDA:338,22,0,0
BRDA:338,22,1,0
BRDA:347,23,0,0
BRDA:347,23,1,0
BRDA:347,24,0,0
BRDA:347,24,1,0
BRDA:347,24,2,0
BRDA:347,24,3,0
BRF:49
BRH:0
end_of_record
TN:
SF:services\DealService.js
FN:10,(anonymous_0)
FN:23,(anonymous_1)
FN:48,(anonymous_2)
FN:123,(anonymous_3)
FN:161,(anonymous_4)
FNF:5
FNH:0
FNDA:0,(anonymous_0)
FNDA:0,(anonymous_1)
FNDA:0,(anonymous_2)
FNDA:0,(anonymous_3)
FNDA:0,(anonymous_4)
DA:1,0
DA:11,0
DA:12,0
DA:15,0
DA:24,0
DA:25,0
DA:32,0
DA:33,0
DA:35,0
DA:57,0
DA:60,0
DA:64,0
DA:65,0
DA:68,0
DA:71,0
DA:72,0
DA:73,0
DA:80,0
DA:82,0
DA:87,0
DA:88,0
DA:90,0
DA:91,0
DA:92,0
DA:93,0
DA:94,0
DA:99,0
DA:111,0
DA:113,0
DA:124,0
DA:126,0
DA:127,0
DA:131,0
DA:133,0
DA:135,0
DA:136,0
DA:137,0
DA:139,0
DA:140,0
DA:148,0
DA:151,0
DA:153,0
DA:162,0
DA:164,0
DA:175,0
DA:176,0
DA:179,0
DA:180,0
DA:183,0
DA:184,0
DA:187,0
DA:188,0
DA:191,0
DA:193,0
DA:206,0
LF:55
LH:0
BRDA:11,0,0,0
BRDA:11,0,1,0
BRDA:11,1,0,0
BRDA:11,1,1,0
BRDA:11,1,2,0
BRDA:11,1,3,0
BRDA:24,2,0,0
BRDA:24,2,1,0
BRDA:24,3,0,0
BRDA:24,3,1,0
BRDA:48,4,0,0
BRDA:55,5,0,0
BRDA:64,6,0,0
BRDA:64,6,1,0
BRDA:71,7,0,0
BRDA:71,7,1,0
BRDA:71,8,0,0
BRDA:71,8,1,0
BRDA:71,8,2,0
BRDA:80,9,0,0
BRDA:80,9,1,0
BRDA:80,10,0,0
BRDA:80,10,1,0
BRDA:80,10,2,0
BRDA:87,11,0,0
BRDA:87,11,1,0
BRDA:90,12,0,0
BRDA:90,12,1,0
BRDA:123,13,0,0
BRDA:126,14,0,0
BRDA:126,14,1,0
BRDA:131,15,0,0
BRDA:131,15,1,0
BRDA:135,16,0,0
BRDA:135,16,1,0
BRDA:135,17,0,0
BRDA:135,17,1,0
BRDA:136,18,0,0
BRDA:136,18,1,0
BRDA:137,19,0,0
BRDA:137,19,1,0
BRDA:139,20,0,0
BRDA:139,20,1,0
BRDA:139,21,0,0
BRDA:139,21,1,0
BRDA:161,22,0,0
BRDA:175,23,0,0
BRDA:175,23,1,0
BRDA:179,24,0,0
BRDA:179,24,1,0
BRDA:183,25,0,0
BRDA:183,25,1,0
BRDA:187,26,0,0
BRDA:187,26,1,0
BRDA:194,27,0,0
BRDA:194,27,1,0
BRDA:195,28,0,0
BRDA:195,28,1,0
BRDA:196,29,0,0
BRDA:196,29,1,0
BRDA:197,30,0,0
BRDA:197,30,1,0
BRDA:198,31,0,0
BRDA:198,31,1,0
BRDA:199,32,0,0
BRDA:199,32,1,0
BRDA:200,33,0,0
BRDA:200,33,1,0
BRDA:201,34,0,0
BRDA:201,34,1,0
BRF:70
BRH:0
end_of_record
